<?xml version="1.0" encoding="UTF-8"?>
<testng-results skipped="0" failed="0" total="2" passed="2">
  <reporter-output>
  </reporter-output>
  <suite name="Suite" duration-ms="20719" started-at="2018-12-20T00:33:14Z" finished-at="2018-12-20T00:33:35Z">
    <groups>
    </groups>
    <test name="browser1" duration-ms="11072" started-at="2018-12-20T00:33:14Z" finished-at="2018-12-20T00:33:25Z">
      <class name="testNGPrac.CrossBrowser">
        <test-method status="PASS" signature="BrowserName(java.lang.String)[pri:0, instance:testNGPrac.CrossBrowser@7dc7cbad]" name="BrowserName" duration-ms="11053" started-at="2018-12-19T17:33:14Z" finished-at="2018-12-19T17:33:25Z">
          <params>
            <param index="0">
              <value>
                <![CDATA[chrome]]>
              </value>
            </param>
          </params>
          <reporter-output>
          </reporter-output>
        </test-method> <!-- BrowserName -->
      </class> <!-- testNGPrac.CrossBrowser -->
    </test> <!-- browser1 -->
    <test name="browser" duration-ms="20719" started-at="2018-12-20T00:33:14Z" finished-at="2018-12-20T00:33:35Z">
      <class name="testNGPrac.CrossBrowser">
        <test-method status="PASS" signature="BrowserName(java.lang.String)[pri:0, instance:testNGPrac.CrossBrowser@548b7f67]" name="BrowserName" duration-ms="20702" started-at="2018-12-19T17:33:14Z" finished-at="2018-12-19T17:33:35Z">
          <params>
            <param index="0">
              <value>
                <![CDATA[firefox]]>
              </value>
            </param>
          </params>
          <reporter-output>
          </reporter-output>
        </test-method> <!-- BrowserName -->
      </class> <!-- testNGPrac.CrossBrowser -->
    </test> <!-- browser -->
  </suite> <!-- Suite -->
</testng-results>
